<?xml version="1.0" encoding="UTF-8"?>
<testsuite name="MyTestSuite" tests="4" failures="1" errors="1" skipped="1" time="2.345">
    <testcase classname="com.example.MyClass" name="testSuccess" time="0.123"/>
    <testcase classname="com.example.MyClass" name="testFailure" time="0.456">
        <failure message="Expected true but was false" type="AssertionError">
            java.lang.AssertionError: Expected true but was false
                at com.example.MyClass.testFailure(MyClass.java:42)
        </failure>
    </testcase>
    <testcase classname="com.example.MyClass" name="testError" time="0.789">
        <error message="Null pointer exception" type="NullPointerException">
            java.lang.NullPointerException: Null pointer exception
                at com.example.MyClass.testError(MyClass.java:55)
        </error>
    </testcase>
    <testcase classname="com.example.MyClass" name="testSkipped" time="0.000">
        <skipped message="Test was skipped"/>
    </testcase>
</testsuite>