# This is the CMakeCache file.
# For build in directory: /mnt/aux-data/teague/Projects/duck_hunt/build/release
# It was generated by CMake: /mnt/aux-data/teague/Dev/spack/opt/spack/linux-pop22-zen3/gcc-11.4.0/cmake-3.31.5-cyfuecd73avdygws2qdqfaubfcll7fpz/bin/cmake
# You can edit this file to change values found and used by cmake.
# If you do not want to change any of the values, simply exit the editor.
# If you do want to change a value, simply edit, save, and exit the editor.
# The syntax for the file is as follows:
# KEY:TYPE=VALUE
# KEY is the name of a variable in the cache.
# TYPE is a hint to GUIs for the type of VALUE, DO NOT EDIT TYPE!.
# VALUE is the current value for the KEY.

########################
# EXTERNAL cache entries
########################

//Debug setting: use alternative verify mode
ALTERNATIVE_VERIFY:BOOL=OFF

//Build from the amalgamation files, rather than from the normal
// sources.
AMALGAMATION_BUILD:BOOL=OFF

//No help, variable specified on the command line.
BENCHMARK_ROOT_DIRECTORY:UNINITIALIZED=/mnt/aux-data/teague/Projects/duck_hunt/

//Set a custom BLOCK_ALLOC_SIZE at compile time
BLOCK_ALLOC_SIZE:STRING=

//Enable building of the benchmark suite.
BUILD_BENCHMARKS:BOOL=OFF

//Whether we need to actually build the complete set
BUILD_COMPLETE_EXTENSION_SET:BOOL=ON

//Build all extension as linkable, overriding DONT_LINK, and don't
// build core.
BUILD_EXTENSIONS_ONLY:BOOL=OFF

//No help, variable specified on the command line.
BUILD_EXTENSION_TEST_DEPS:UNINITIALIZED=default

//Build the main duckdb library and executable.
BUILD_MAIN_DUCKDB_LIBRARY:BOOL=ON

//Build the DuckDB Python extension
BUILD_PYTHON:BOOL=OFF

//Enable the rdtsc instruction.
BUILD_RDTSC:BOOL=OFF

//Build the DuckDB Shell and SQLite API Wrappers
BUILD_SHELL:BOOL=ON

//Build the testing tree.
BUILD_TESTING:BOOL=ON

//Enable building of the TPC-E tool.
BUILD_TPCE:BOOL=OFF

//Build the unittest runner.
BUILD_UNITTESTS:BOOL=ON

//Path to a program.
CCACHE_PROGRAM:FILEPATH=CCACHE_PROGRAM-NOTFOUND

//Enable build for clang-tidy, this disables all source files excluding
// the core database. This does not produce a working build.
CLANG_TIDY:BOOL=OFF

//Path to a program.
CMAKE_ADDR2LINE:FILEPATH=/usr/bin/addr2line

//Path to a program.
CMAKE_AR:FILEPATH=/usr/bin/ar

//Choose the type of build, options are: None Debug Release RelWithDebInfo
// MinSizeRel ...
CMAKE_BUILD_TYPE:STRING=Release

//Enable/Disable color output during build.
CMAKE_COLOR_MAKEFILE:BOOL=ON

//CXX compiler
CMAKE_CXX_COMPILER:FILEPATH=/usr/bin/c++

//A wrapper around 'ar' adding the appropriate '--plugin' option
// for the GCC compiler
CMAKE_CXX_COMPILER_AR:FILEPATH=/usr/bin/gcc-ar-11

//A wrapper around 'ranlib' adding the appropriate '--plugin' option
// for the GCC compiler
CMAKE_CXX_COMPILER_RANLIB:FILEPATH=/usr/bin/gcc-ranlib-11

//Flags used by the CXX compiler during all build types.
CMAKE_CXX_FLAGS:STRING=

//Flags used by the CXX compiler during DEBUG builds.
CMAKE_CXX_FLAGS_DEBUG:STRING=-g

//Flags used by the CXX compiler during MINSIZEREL builds.
CMAKE_CXX_FLAGS_MINSIZEREL:STRING=-Os -DNDEBUG

//Flags used by the CXX compiler during RELEASE builds.
CMAKE_CXX_FLAGS_RELEASE:STRING=-O3 -DNDEBUG

//Flags used by the CXX compiler during RELWITHDEBINFO builds.
CMAKE_CXX_FLAGS_RELWITHDEBINFO:STRING=-O2 -g -DNDEBUG

//C++ standard to enforce
CMAKE_CXX_STANDARD:STRING=11

//C compiler
CMAKE_C_COMPILER:FILEPATH=/usr/bin/cc

//A wrapper around 'ar' adding the appropriate '--plugin' option
// for the GCC compiler
CMAKE_C_COMPILER_AR:FILEPATH=/usr/bin/gcc-ar-11

//A wrapper around 'ranlib' adding the appropriate '--plugin' option
// for the GCC compiler
CMAKE_C_COMPILER_RANLIB:FILEPATH=/usr/bin/gcc-ranlib-11

//Flags used by the C compiler during all build types.
CMAKE_C_FLAGS:STRING=

//Flags used by the C compiler during DEBUG builds.
CMAKE_C_FLAGS_DEBUG:STRING=-g

//Flags used by the C compiler during MINSIZEREL builds.
CMAKE_C_FLAGS_MINSIZEREL:STRING=-Os -DNDEBUG

//Flags used by the C compiler during RELEASE builds.
CMAKE_C_FLAGS_RELEASE:STRING=-O3 -DNDEBUG

//Flags used by the C compiler during RELWITHDEBINFO builds.
CMAKE_C_FLAGS_RELWITHDEBINFO:STRING=-O2 -g -DNDEBUG

//Path to a program.
CMAKE_DLLTOOL:FILEPATH=CMAKE_DLLTOOL-NOTFOUND

//Flags used by the linker during all build types.
CMAKE_EXE_LINKER_FLAGS:STRING=

//Flags used by the linker during DEBUG builds.
CMAKE_EXE_LINKER_FLAGS_DEBUG:STRING=

//Flags used by the linker during MINSIZEREL builds.
CMAKE_EXE_LINKER_FLAGS_MINSIZEREL:STRING=

//Flags used by the linker during RELEASE builds.
CMAKE_EXE_LINKER_FLAGS_RELEASE:STRING=

//Flags used by the linker during RELWITHDEBINFO builds.
CMAKE_EXE_LINKER_FLAGS_RELWITHDEBINFO:STRING=

//Enable/Disable output of compile commands during generation.
CMAKE_EXPORT_COMPILE_COMMANDS:BOOL=

//Value Computed by CMake.
CMAKE_FIND_PACKAGE_REDIRECTS_DIR:STATIC=/mnt/aux-data/teague/Projects/duck_hunt/build/release/CMakeFiles/pkgRedirects

//User executables (bin)
CMAKE_INSTALL_BINDIR:PATH=bin

//Read-only architecture-independent data (DATAROOTDIR)
CMAKE_INSTALL_DATADIR:PATH=

//Read-only architecture-independent data root (share)
CMAKE_INSTALL_DATAROOTDIR:PATH=share

//Documentation root (DATAROOTDIR/doc/PROJECT_NAME)
CMAKE_INSTALL_DOCDIR:PATH=

//C header files (include)
CMAKE_INSTALL_INCLUDEDIR:PATH=include

//Info documentation (DATAROOTDIR/info)
CMAKE_INSTALL_INFODIR:PATH=

//Object code libraries (lib)
CMAKE_INSTALL_LIBDIR:PATH=lib

//Program executables (libexec)
CMAKE_INSTALL_LIBEXECDIR:PATH=libexec

//Locale-dependent data (DATAROOTDIR/locale)
CMAKE_INSTALL_LOCALEDIR:PATH=

//Modifiable single-machine data (var)
CMAKE_INSTALL_LOCALSTATEDIR:PATH=var

//Man documentation (DATAROOTDIR/man)
CMAKE_INSTALL_MANDIR:PATH=

//C header files for non-gcc (/usr/include)
CMAKE_INSTALL_OLDINCLUDEDIR:PATH=/usr/include

//Install path prefix, prepended onto install directories.
CMAKE_INSTALL_PREFIX:PATH=/usr/local

//Run-time variable data (LOCALSTATEDIR/run)
CMAKE_INSTALL_RUNSTATEDIR:PATH=

//System admin executables (sbin)
CMAKE_INSTALL_SBINDIR:PATH=sbin

//Modifiable architecture-independent data (com)
CMAKE_INSTALL_SHAREDSTATEDIR:PATH=com

//Read-only single-machine data (etc)
CMAKE_INSTALL_SYSCONFDIR:PATH=etc

//Path to a program.
CMAKE_LINKER:FILEPATH=/usr/bin/ld

//Path to a program.
CMAKE_MAKE_PROGRAM:FILEPATH=/mnt/aux-data/teague/Dev/spack/var/spack/environments/duckdb/.spack-env/view/bin/gmake

//Flags used by the linker during the creation of modules during
// all build types.
CMAKE_MODULE_LINKER_FLAGS:STRING=

//Flags used by the linker during the creation of modules during
// DEBUG builds.
CMAKE_MODULE_LINKER_FLAGS_DEBUG:STRING=

//Flags used by the linker during the creation of modules during
// MINSIZEREL builds.
CMAKE_MODULE_LINKER_FLAGS_MINSIZEREL:STRING=

//Flags used by the linker during the creation of modules during
// RELEASE builds.
CMAKE_MODULE_LINKER_FLAGS_RELEASE:STRING=

//Flags used by the linker during the creation of modules during
// RELWITHDEBINFO builds.
CMAKE_MODULE_LINKER_FLAGS_RELWITHDEBINFO:STRING=

//Path to a program.
CMAKE_NM:FILEPATH=/usr/bin/nm

//Path to a program.
CMAKE_OBJCOPY:FILEPATH=/usr/bin/objcopy

//Path to a program.
CMAKE_OBJDUMP:FILEPATH=/usr/bin/objdump

//Value Computed by CMake
CMAKE_PROJECT_DESCRIPTION:STATIC=

//Value Computed by CMake
CMAKE_PROJECT_HOMEPAGE_URL:STATIC=

//Value Computed by CMake
CMAKE_PROJECT_NAME:STATIC=DuckDB

//Path to a program.
CMAKE_RANLIB:FILEPATH=/usr/bin/ranlib

//Path to a program.
CMAKE_READELF:FILEPATH=/usr/bin/readelf

//Flags used by the linker during the creation of shared libraries
// during all build types.
CMAKE_SHARED_LINKER_FLAGS:STRING=

//Flags used by the linker during the creation of shared libraries
// during DEBUG builds.
CMAKE_SHARED_LINKER_FLAGS_DEBUG:STRING=

//Flags used by the linker during the creation of shared libraries
// during MINSIZEREL builds.
CMAKE_SHARED_LINKER_FLAGS_MINSIZEREL:STRING=

//Flags used by the linker during the creation of shared libraries
// during RELEASE builds.
CMAKE_SHARED_LINKER_FLAGS_RELEASE:STRING=

//Flags used by the linker during the creation of shared libraries
// during RELWITHDEBINFO builds.
CMAKE_SHARED_LINKER_FLAGS_RELWITHDEBINFO:STRING=

//If set, runtime paths are not added when installing shared libraries,
// but are added when building.
CMAKE_SKIP_INSTALL_RPATH:BOOL=NO

//If set, runtime paths are not added when using shared libraries.
CMAKE_SKIP_RPATH:BOOL=NO

//Flags used by the linker during the creation of static libraries
// during all build types.
CMAKE_STATIC_LINKER_FLAGS:STRING=

//Flags used by the linker during the creation of static libraries
// during DEBUG builds.
CMAKE_STATIC_LINKER_FLAGS_DEBUG:STRING=

//Flags used by the linker during the creation of static libraries
// during MINSIZEREL builds.
CMAKE_STATIC_LINKER_FLAGS_MINSIZEREL:STRING=

//Flags used by the linker during the creation of static libraries
// during RELEASE builds.
CMAKE_STATIC_LINKER_FLAGS_RELEASE:STRING=

//Flags used by the linker during the creation of static libraries
// during RELWITHDEBINFO builds.
CMAKE_STATIC_LINKER_FLAGS_RELWITHDEBINFO:STRING=

//Path to a program.
CMAKE_STRIP:FILEPATH=/usr/bin/strip

//Path to a program.
CMAKE_TAPI:FILEPATH=CMAKE_TAPI-NOTFOUND

//No help, variable specified on the command line.
CMAKE_TOOLCHAIN_FILE:UNINITIALIZED=/home/teague/Dev/vcpkg/scripts/buildsystems/vcpkg.cmake

//If this value is on, makefiles will be generated without the
// .SILENT directive, and all commands will be echoed to the console
// during the make.  This is useful for debugging only. With Visual
// Studio IDE projects all commands are done without /nologo.
CMAKE_VERBOSE_MAKEFILE:BOOL=FALSE

//Path to the coverage program that CTest uses for performing coverage
// inspection
COVERAGE_COMMAND:FILEPATH=/usr/bin/gcov

//Extra command line flags to pass to the coverage tool
COVERAGE_EXTRA_FLAGS:STRING=-l

//Trigger a sigabort on an assert failing, instead of throwing
// an exception
CRASH_ON_ASSERT:BOOL=OFF

//How many times to retry timed-out CTest submissions.
CTEST_SUBMIT_RETRY_COUNT:STRING=3

//How long to wait between timed-out CTest submissions.
CTEST_SUBMIT_RETRY_DELAY:STRING=5

//Use a custom linker program
CUSTOM_LINKER:BOOL=

//Value Computed by CMake
CoreFunctionsExtension_BINARY_DIR:STATIC=/mnt/aux-data/teague/Projects/duck_hunt/build/release/extension/core_functions

//Value Computed by CMake
CoreFunctionsExtension_IS_TOP_LEVEL:STATIC=OFF

//Value Computed by CMake
CoreFunctionsExtension_SOURCE_DIR:STATIC=/mnt/aux-data/teague/Projects/duck_hunt/duckdb/extension/core_functions

//Maximum time allowed before CTest will kill the test.
DART_TESTING_TIMEOUT:STRING=1500

//Debug setting: keep track of outstanding allocations to detect
// memory leaks
DEBUG_ALLOCATION:BOOL=OFF

//Debug setting: Ensure std::move is being used
DEBUG_MOVE:BOOL=OFF

//Debug setting: print a stracktrace on asserts and when testing
// crashes
DEBUG_STACKTRACE:BOOL=OFF

//Debug setting: destroy unpinned buffer-managed blocks
DESTROY_UNPINNED_BLOCKS:BOOL=OFF

//Debug setting: disable assertions
DISABLE_ASSERTIONS:BOOL=OFF

//Disable linking extensions.
DISABLE_BUILTIN_EXTENSIONS:BOOL=OFF

//Disable support for loading and installing extensions
DISABLE_EXTENSION_LOAD:BOOL=OFF

//Debug setting: disable memory access checks at runtime
DISABLE_MEMORY_SAFETY:BOOL=OFF

//Debug setting: verify correct results without pointer salt
DISABLE_POINTER_SALT:BOOL=OFF

//Debug setting: disable inlining of strings
DISABLE_STR_INLINE:BOOL=OFF

//Disable support for multi-threading
DISABLE_THREADS:BOOL=OFF

//Disable unity builds.
DISABLE_UNITY:BOOL=OFF

//Disable vptr sanitizer; work-around for sanitizer false positive
// on Macbook M1
DISABLE_VPTR_SANITIZER:BOOL=OFF

//No help, variable specified on the command line.
DUCKDB_EXPLICIT_PLATFORM:UNINITIALIZED=

//No help, variable specified on the command line.
DUCKDB_EXTENSION_CONFIGS:UNINITIALIZED=/mnt/aux-data/teague/Projects/duck_hunt/extension_config.cmake

//Value Computed by CMake
DuckDB_BINARY_DIR:STATIC=/mnt/aux-data/teague/Projects/duck_hunt/build/release

//Value Computed by CMake
DuckDB_IS_TOP_LEVEL:STATIC=ON

//Value Computed by CMake
DuckDB_SOURCE_DIR:STATIC=/mnt/aux-data/teague/Projects/duck_hunt/duckdb

//Enable extension auto-installing by default.
ENABLE_EXTENSION_AUTOINSTALL:BOOL=OFF

//Enable extension auto-loading by default.
ENABLE_EXTENSION_AUTOLOADING:BOOL=OFF

//Enable address sanitizer.
ENABLE_SANITIZER:BOOL=ON

//Enable thread sanitizer.
ENABLE_THREAD_SANITIZER:BOOL=OFF

//Enable undefined behavior sanitizer.
ENABLE_UBSAN:BOOL=ON

//Build the C++ Unit Tests.
ENABLE_UNITTEST_CPP_TESTS:BOOL=FALSE

//Explicitly enable C++ exceptions.
EXPLICIT_EXCEPTIONS:BOOL=OFF

//Export dll symbols on Windows, else import
EXPORT_DLL_SYMBOLS:BOOL=ON

//Export dynamic symbols.
EXPORT_DYNAMIC_SYMBOLS:BOOL=OFF

//Produce extension configuration artifacts instead of building.
// (such as shared vcpkg.json, extensions.txt)
EXTENSION_CONFIG_BUILD:BOOL=OFF

//Extension build linking statically with DuckDB. Required for
// building linux loadable extensions.
EXTENSION_STATIC_BUILD:BOOL=1

//Only load the tests for extensions, don't actually build them;
// useful for testing loadable extensions
EXTENSION_TESTS_ONLY:BOOL=OFF

//Enable checking of assertions, even in release mode
FORCE_ASSERT:BOOL=OFF

//Debug setting: forces sinks/sources to block the first 2 times
// they're called
FORCE_ASYNC_SINK_SOURCE:BOOL=OFF

//Always produce ANSI-colored output (GNU/Clang only).
FORCE_COLORED_OUTPUT:BOOL=OFF

//If enabled, all queries will be logged to the specified path
FORCE_QUERY_LOG:BOOL=OFF

//Forces building with sanitizers even if the Python and R modules
// are enabled.
FORCE_SANITIZER:BOOL=OFF

//Unused code objects lead to compiler warnings.
FORCE_WARN_UNUSED:BOOL=OFF

//Build for generating extension_entries.hpp
GENERATE_EXTENSION_ENTRIES:BOOL=OFF

//Git command line client
GIT_EXECUTABLE:FILEPATH=/usr/bin/git

//Installation directory for executables
INSTALL_BIN_DIR:PATH=bin

//Installation directory for CMake files
INSTALL_CMAKE_DIR:PATH=lib/cmake/DuckDB

//Installation directory for header files
INSTALL_INCLUDE_DIR:PATH=include

//Installation directory for libraries
INSTALL_LIB_DIR:PATH=lib

//Value Computed by CMake
JemallocExtension_BINARY_DIR:STATIC=/mnt/aux-data/teague/Projects/duck_hunt/build/release/extension/jemalloc

//Value Computed by CMake
JemallocExtension_IS_TOP_LEVEL:STATIC=OFF

//Value Computed by CMake
JemallocExtension_SOURCE_DIR:STATIC=/mnt/aux-data/teague/Projects/duck_hunt/duckdb/extension/jemalloc

//Versioning scheme for main branch
MAIN_BRANCH_VERSIONING:BOOL=OFF

//Command to build the project
MAKECOMMAND:STRING=/mnt/aux-data/teague/Dev/spack/opt/spack/linux-pop22-zen3/gcc-11.4.0/cmake-3.31.5-cyfuecd73avdygws2qdqfaubfcll7fpz/bin/cmake --build . --config "${CTEST_CONFIGURATION_TYPE}"

//Path to the memory checking command, used for memory error detection.
MEMORYCHECK_COMMAND:FILEPATH=/usr/bin/valgrind

//File that contains suppressions for the memory checker
MEMORYCHECK_SUPPRESSIONS_FILE:FILEPATH=

//Are Musl extensions build enabled
MUSL_ENABLED:BOOL=OFF

//Compile targeting the native architecture
NATIVE_ARCH:BOOL=OFF

//Path to a library.
OPENSSL_CRYPTO_LIBRARY:FILEPATH=/mnt/aux-data/teague/Projects/duck_hunt/build/release/vcpkg_installed/x64-linux/lib/libcrypto.a

//Path to a library.
OPENSSL_DL_LIBRARY:FILEPATH=/usr/lib/x86_64-linux-gnu/libdl.a

//Path to a file.
OPENSSL_INCLUDE_DIR:PATH=/mnt/aux-data/teague/Projects/duck_hunt/build/release/vcpkg_installed/x64-linux/include

//Path to a library.
OPENSSL_SSL_LIBRARY:FILEPATH=/mnt/aux-data/teague/Projects/duck_hunt/build/release/vcpkg_installed/x64-linux/lib/libssl.a

//No help, variable specified on the command line.
OSX_BUILD_ARCH:UNINITIALIZED=

//Build both architectures on OSX and create a single binary containing
// both.
OSX_BUILD_UNIVERSAL:BOOL=OFF

//No help, variable specified on the command line.
OVERRIDE_GIT_DESCRIBE:UNINITIALIZED=

//Override C++ new/delete (only when jemalloc is enabled)
OVERRIDE_NEW_DELETE:BOOL=OFF

//Arguments to supply to pkg-config
PKG_CONFIG_ARGN:STRING=

//pkg-config executable
PKG_CONFIG_EXECUTABLE:FILEPATH=/usr/bin/pkg-config

//Debug setting: always prefetch all Parquet files
PREFETCH_ALL_PARQUET_FILES:BOOL=OFF

//Value Computed by CMake
ParquetExtension_BINARY_DIR:STATIC=/mnt/aux-data/teague/Projects/duck_hunt/build/release/extension/parquet

//Value Computed by CMake
ParquetExtension_IS_TOP_LEVEL:STATIC=OFF

//Value Computed by CMake
ParquetExtension_SOURCE_DIR:STATIC=/mnt/aux-data/teague/Projects/duck_hunt/duckdb/extension/parquet

//Value Computed by CMake
RE2_BINARY_DIR:STATIC=/mnt/aux-data/teague/Projects/duck_hunt/build/release/third_party/re2

//enable testing for RE2
RE2_BUILD_TESTING:BOOL=OFF

//Value Computed by CMake
RE2_IS_TOP_LEVEL:STATIC=OFF

//Value Computed by CMake
RE2_SOURCE_DIR:STATIC=/mnt/aux-data/teague/Projects/duck_hunt/duckdb/third_party/re2

//Debug setting: enable a more extensive set of verifiers
RUN_SLOW_VERIFIERS:BOOL=OFF

//Compile time test on usage of deprecated functions
SHADOW_FORBIDDEN_FUNCTIONS:BOOL=OFF

//Name of the computer/site where compile is being run
SITE:STRING=snape

//Produce a smaller binary by trimming specialized code paths.
// This can negatively affect performance.
SMALLER_BINARY:BOOL=OFF

//Set a custom STANDARD_VECTOR_SIZE at compile time
STANDARD_VECTOR_SIZE:STRING=

//Statically link CLI to libc++
STATIC_LIBCPP:BOOL=OFF

//Test installation of specific extensions.
TEST_REMOTE_INSTALL:BOOL=OFF

//Treat warnings as errors
TREAT_WARNINGS_AS_ERRORS:BOOL=OFF

//The unittest root directory (defaults to the project source directory)
UNITTEST_ROOT_DIRECTORY:STRING=/mnt/aux-data/teague/Projects/duck_hunt/

//Build the DuckDB Python in the user space
USER_SPACE:BOOL=OFF

//Should threads be used
USE_WASM_THREADS:BOOL=OFF

//Automatically copy dependencies into the output directory for
// executables.
VCPKG_APPLOCAL_DEPS:BOOL=ON

//Additional options to bootstrap vcpkg
VCPKG_BOOTSTRAP_OPTIONS:STRING=

//No help, variable specified on the command line.
VCPKG_BUILD:UNINITIALIZED=1

//The directory which contains the installed libraries for each
// triplet
VCPKG_INSTALLED_DIR:PATH=/mnt/aux-data/teague/Projects/duck_hunt/build/release/vcpkg_installed

//Additional install options to pass to vcpkg
VCPKG_INSTALL_OPTIONS:STRING=

//The path to the vcpkg manifest directory.
VCPKG_MANIFEST_DIR:PATH=/mnt/aux-data/teague/Projects/duck_hunt

//Install the dependencies listed in your manifest:
//\n    If this is off, you will have to manually install your dependencies.
//\n    See https://github.com/microsoft/vcpkg/tree/master/docs/specifications/manifests.md
// for more info.
//\n
VCPKG_MANIFEST_INSTALL:BOOL=ON

//Use manifest mode, as opposed to classic mode.
VCPKG_MANIFEST_MODE:BOOL=ON

//Overlay ports to use for vcpkg install in manifest mode
VCPKG_OVERLAY_PORTS:STRING=

//Overlay triplets to use for vcpkg install in manifest mode
VCPKG_OVERLAY_TRIPLETS:STRING=

//Appends the vcpkg paths to CMAKE_PREFIX_PATH, CMAKE_LIBRARY_PATH
// and CMAKE_FIND_ROOT_PATH so that vcpkg libraries/packages are
// found after toolchain/system libraries/packages.
VCPKG_PREFER_SYSTEM_LIBS:BOOL=OFF

//Enable the setup of CMAKE_PROGRAM_PATH to vcpkg paths
VCPKG_SETUP_CMAKE_PROGRAM_PATH:BOOL=ON

//Vcpkg target triplet (ex. x86-windows)
VCPKG_TARGET_TRIPLET:STRING=x64-linux

//Trace calls to find_package()
VCPKG_TRACE_FIND_PACKAGE:BOOL=OFF

//Enables messages from the VCPKG toolchain for debugging purposes.
VCPKG_VERBOSE:BOOL=OFF

//Debug setting: verify vectors (options: dictionary_expression,
// dictionary_operator, constant_operator, sequence_operator, nested_shuffle)
VERIFY_VECTOR:BOOL=OFF

//Are DuckDB-Wasm extensions build enabled
WASM_ENABLED:BOOL=OFF

//WebAssembly build with loadable extensions.
WASM_LOADABLE_EXTENSIONS:BOOL=OFF

//(experimental) Automatically copy dependencies into the install
// target directory for executables. Requires CMake 3.14.
X_VCPKG_APPLOCAL_DEPS_INSTALL:BOOL=OFF

//(experimental) Add USES_TERMINAL to VCPKG_APPLOCAL_DEPS to force
// serialization.
X_VCPKG_APPLOCAL_DEPS_SERIALIZED:BOOL=OFF

//Path to a program.
Z_VCPKG_CL:FILEPATH=Z_VCPKG_CL-NOTFOUND

//The directory which contains the installed libraries for each
// triplet
_VCPKG_INSTALLED_DIR:PATH=/mnt/aux-data/teague/Projects/duck_hunt/build/release/vcpkg_installed

//Value Computed by CMake
duck_hunt_BINARY_DIR:STATIC=/mnt/aux-data/teague/Projects/duck_hunt/build/release/extension/duck_hunt

//Value Computed by CMake
duck_hunt_IS_TOP_LEVEL:STATIC=OFF

//Value Computed by CMake
duck_hunt_SOURCE_DIR:STATIC=/mnt/aux-data/teague/Projects/duck_hunt

//Value Computed by CMake
duckdb_pg_query_BINARY_DIR:STATIC=/mnt/aux-data/teague/Projects/duck_hunt/build/release/third_party/libpg_query

//Value Computed by CMake
duckdb_pg_query_IS_TOP_LEVEL:STATIC=OFF

//Value Computed by CMake
duckdb_pg_query_SOURCE_DIR:STATIC=/mnt/aux-data/teague/Projects/duck_hunt/duckdb/third_party/libpg_query

//Value Computed by CMake
imdb_BINARY_DIR:STATIC=/mnt/aux-data/teague/Projects/duck_hunt/build/release/third_party/imdb

//Value Computed by CMake
imdb_IS_TOP_LEVEL:STATIC=OFF

//Value Computed by CMake
imdb_SOURCE_DIR:STATIC=/mnt/aux-data/teague/Projects/duck_hunt/duckdb/third_party/imdb

//Path to a library.
pkgcfg_lib__OPENSSL_crypto:FILEPATH=/mnt/aux-data/teague/Dev/spack/opt/spack/linux-pop22-zen3/gcc-11.4.0/openssl-3.4.0-nc56uhasuoikwrai67zdyliy3bmeqlkn/lib64/libcrypto.so

//Path to a library.
pkgcfg_lib__OPENSSL_ssl:FILEPATH=/mnt/aux-data/teague/Dev/spack/opt/spack/linux-pop22-zen3/gcc-11.4.0/openssl-3.4.0-nc56uhasuoikwrai67zdyliy3bmeqlkn/lib64/libssl.so


########################
# INTERNAL cache entries
########################

//ADVANCED property for variable: CMAKE_ADDR2LINE
CMAKE_ADDR2LINE-ADVANCED:INTERNAL=1
//ADVANCED property for variable: CMAKE_AR
CMAKE_AR-ADVANCED:INTERNAL=1
//This is the directory where this CMakeCache.txt was created
CMAKE_CACHEFILE_DIR:INTERNAL=/mnt/aux-data/teague/Projects/duck_hunt/build/release
//Major version of cmake used to create the current loaded cache
CMAKE_CACHE_MAJOR_VERSION:INTERNAL=3
//Minor version of cmake used to create the current loaded cache
CMAKE_CACHE_MINOR_VERSION:INTERNAL=31
//Patch version of cmake used to create the current loaded cache
CMAKE_CACHE_PATCH_VERSION:INTERNAL=5
//ADVANCED property for variable: CMAKE_COLOR_MAKEFILE
CMAKE_COLOR_MAKEFILE-ADVANCED:INTERNAL=1
//Path to CMake executable.
CMAKE_COMMAND:INTERNAL=/mnt/aux-data/teague/Dev/spack/opt/spack/linux-pop22-zen3/gcc-11.4.0/cmake-3.31.5-cyfuecd73avdygws2qdqfaubfcll7fpz/bin/cmake
//Path to cpack program executable.
CMAKE_CPACK_COMMAND:INTERNAL=/mnt/aux-data/teague/Dev/spack/opt/spack/linux-pop22-zen3/gcc-11.4.0/cmake-3.31.5-cyfuecd73avdygws2qdqfaubfcll7fpz/bin/cpack
//ADVANCED property for variable: CMAKE_CTEST_COMMAND
CMAKE_CTEST_COMMAND-ADVANCED:INTERNAL=1
//Path to ctest program executable.
CMAKE_CTEST_COMMAND:INTERNAL=/mnt/aux-data/teague/Dev/spack/opt/spack/linux-pop22-zen3/gcc-11.4.0/cmake-3.31.5-cyfuecd73avdygws2qdqfaubfcll7fpz/bin/ctest
//ADVANCED property for variable: CMAKE_CXX_COMPILER
CMAKE_CXX_COMPILER-ADVANCED:INTERNAL=1
//ADVANCED property for variable: CMAKE_CXX_COMPILER_AR
CMAKE_CXX_COMPILER_AR-ADVANCED:INTERNAL=1
//ADVANCED property for variable: CMAKE_CXX_COMPILER_RANLIB
CMAKE_CXX_COMPILER_RANLIB-ADVANCED:INTERNAL=1
//ADVANCED property for variable: CMAKE_CXX_FLAGS
CMAKE_CXX_FLAGS-ADVANCED:INTERNAL=1
//ADVANCED property for variable: CMAKE_CXX_FLAGS_DEBUG
CMAKE_CXX_FLAGS_DEBUG-ADVANCED:INTERNAL=1
//ADVANCED property for variable: CMAKE_CXX_FLAGS_MINSIZEREL
CMAKE_CXX_FLAGS_MINSIZEREL-ADVANCED:INTERNAL=1
//ADVANCED property for variable: CMAKE_CXX_FLAGS_RELEASE
CMAKE_CXX_FLAGS_RELEASE-ADVANCED:INTERNAL=1
//ADVANCED property for variable: CMAKE_CXX_FLAGS_RELWITHDEBINFO
CMAKE_CXX_FLAGS_RELWITHDEBINFO-ADVANCED:INTERNAL=1
//ADVANCED property for variable: CMAKE_C_COMPILER
CMAKE_C_COMPILER-ADVANCED:INTERNAL=1
//ADVANCED property for variable: CMAKE_C_COMPILER_AR
CMAKE_C_COMPILER_AR-ADVANCED:INTERNAL=1
//ADVANCED property for variable: CMAKE_C_COMPILER_RANLIB
CMAKE_C_COMPILER_RANLIB-ADVANCED:INTERNAL=1
//ADVANCED property for variable: CMAKE_C_FLAGS
CMAKE_C_FLAGS-ADVANCED:INTERNAL=1
//ADVANCED property for variable: CMAKE_C_FLAGS_DEBUG
CMAKE_C_FLAGS_DEBUG-ADVANCED:INTERNAL=1
//ADVANCED property for variable: CMAKE_C_FLAGS_MINSIZEREL
CMAKE_C_FLAGS_MINSIZEREL-ADVANCED:INTERNAL=1
//ADVANCED property for variable: CMAKE_C_FLAGS_RELEASE
CMAKE_C_FLAGS_RELEASE-ADVANCED:INTERNAL=1
//ADVANCED property for variable: CMAKE_C_FLAGS_RELWITHDEBINFO
CMAKE_C_FLAGS_RELWITHDEBINFO-ADVANCED:INTERNAL=1
//ADVANCED property for variable: CMAKE_DLLTOOL
CMAKE_DLLTOOL-ADVANCED:INTERNAL=1
//Path to cache edit program executable.
CMAKE_EDIT_COMMAND:INTERNAL=/mnt/aux-data/teague/Dev/spack/opt/spack/linux-pop22-zen3/gcc-11.4.0/cmake-3.31.5-cyfuecd73avdygws2qdqfaubfcll7fpz/bin/ccmake
//Executable file format
CMAKE_EXECUTABLE_FORMAT:INTERNAL=ELF
//ADVANCED property for variable: CMAKE_EXE_LINKER_FLAGS
CMAKE_EXE_LINKER_FLAGS-ADVANCED:INTERNAL=1
//ADVANCED property for variable: CMAKE_EXE_LINKER_FLAGS_DEBUG
CMAKE_EXE_LINKER_FLAGS_DEBUG-ADVANCED:INTERNAL=1
//ADVANCED property for variable: CMAKE_EXE_LINKER_FLAGS_MINSIZEREL
CMAKE_EXE_LINKER_FLAGS_MINSIZEREL-ADVANCED:INTERNAL=1
//ADVANCED property for variable: CMAKE_EXE_LINKER_FLAGS_RELEASE
CMAKE_EXE_LINKER_FLAGS_RELEASE-ADVANCED:INTERNAL=1
//ADVANCED property for variable: CMAKE_EXE_LINKER_FLAGS_RELWITHDEBINFO
CMAKE_EXE_LINKER_FLAGS_RELWITHDEBINFO-ADVANCED:INTERNAL=1
//ADVANCED property for variable: CMAKE_EXPORT_COMPILE_COMMANDS
CMAKE_EXPORT_COMPILE_COMMANDS-ADVANCED:INTERNAL=1
//Name of external makefile project generator.
CMAKE_EXTRA_GENERATOR:INTERNAL=
//Name of generator.
CMAKE_GENERATOR:INTERNAL=Unix Makefiles
//Generator instance identifier.
CMAKE_GENERATOR_INSTANCE:INTERNAL=
//Name of generator platform.
CMAKE_GENERATOR_PLATFORM:INTERNAL=
//Name of generator toolset.
CMAKE_GENERATOR_TOOLSET:INTERNAL=
//Test CMAKE_HAVE_LIBC_PTHREAD
CMAKE_HAVE_LIBC_PTHREAD:INTERNAL=1
//Source directory with the top level CMakeLists.txt file for this
// project
CMAKE_HOME_DIRECTORY:INTERNAL=/mnt/aux-data/teague/Projects/duck_hunt/duckdb
//ADVANCED property for variable: CMAKE_INSTALL_BINDIR
CMAKE_INSTALL_BINDIR-ADVANCED:INTERNAL=1
//ADVANCED property for variable: CMAKE_INSTALL_DATADIR
CMAKE_INSTALL_DATADIR-ADVANCED:INTERNAL=1
//ADVANCED property for variable: CMAKE_INSTALL_DATAROOTDIR
CMAKE_INSTALL_DATAROOTDIR-ADVANCED:INTERNAL=1
//ADVANCED property for variable: CMAKE_INSTALL_DOCDIR
CMAKE_INSTALL_DOCDIR-ADVANCED:INTERNAL=1
//ADVANCED property for variable: CMAKE_INSTALL_INCLUDEDIR
CMAKE_INSTALL_INCLUDEDIR-ADVANCED:INTERNAL=1
//ADVANCED property for variable: CMAKE_INSTALL_INFODIR
CMAKE_INSTALL_INFODIR-ADVANCED:INTERNAL=1
//ADVANCED property for variable: CMAKE_INSTALL_LIBDIR
CMAKE_INSTALL_LIBDIR-ADVANCED:INTERNAL=1
//ADVANCED property for variable: CMAKE_INSTALL_LIBEXECDIR
CMAKE_INSTALL_LIBEXECDIR-ADVANCED:INTERNAL=1
//ADVANCED property for variable: CMAKE_INSTALL_LOCALEDIR
CMAKE_INSTALL_LOCALEDIR-ADVANCED:INTERNAL=1
//ADVANCED property for variable: CMAKE_INSTALL_LOCALSTATEDIR
CMAKE_INSTALL_LOCALSTATEDIR-ADVANCED:INTERNAL=1
//ADVANCED property for variable: CMAKE_INSTALL_MANDIR
CMAKE_INSTALL_MANDIR-ADVANCED:INTERNAL=1
//ADVANCED property for variable: CMAKE_INSTALL_OLDINCLUDEDIR
CMAKE_INSTALL_OLDINCLUDEDIR-ADVANCED:INTERNAL=1
//ADVANCED property for variable: CMAKE_INSTALL_RUNSTATEDIR
CMAKE_INSTALL_RUNSTATEDIR-ADVANCED:INTERNAL=1
//ADVANCED property for variable: CMAKE_INSTALL_SBINDIR
CMAKE_INSTALL_SBINDIR-ADVANCED:INTERNAL=1
//ADVANCED property for variable: CMAKE_INSTALL_SHAREDSTATEDIR
CMAKE_INSTALL_SHAREDSTATEDIR-ADVANCED:INTERNAL=1
//Install .so files without execute permission.
CMAKE_INSTALL_SO_NO_EXE:INTERNAL=1
//ADVANCED property for variable: CMAKE_INSTALL_SYSCONFDIR
CMAKE_INSTALL_SYSCONFDIR-ADVANCED:INTERNAL=1
//ADVANCED property for variable: CMAKE_LINKER
CMAKE_LINKER-ADVANCED:INTERNAL=1
//ADVANCED property for variable: CMAKE_MAKE_PROGRAM
CMAKE_MAKE_PROGRAM-ADVANCED:INTERNAL=1
//ADVANCED property for variable: CMAKE_MODULE_LINKER_FLAGS
CMAKE_MODULE_LINKER_FLAGS-ADVANCED:INTERNAL=1
//ADVANCED property for variable: CMAKE_MODULE_LINKER_FLAGS_DEBUG
CMAKE_MODULE_LINKER_FLAGS_DEBUG-ADVANCED:INTERNAL=1
//ADVANCED property for variable: CMAKE_MODULE_LINKER_FLAGS_MINSIZEREL
CMAKE_MODULE_LINKER_FLAGS_MINSIZEREL-ADVANCED:INTERNAL=1
//ADVANCED property for variable: CMAKE_MODULE_LINKER_FLAGS_RELEASE
CMAKE_MODULE_LINKER_FLAGS_RELEASE-ADVANCED:INTERNAL=1
//ADVANCED property for variable: CMAKE_MODULE_LINKER_FLAGS_RELWITHDEBINFO
CMAKE_MODULE_LINKER_FLAGS_RELWITHDEBINFO-ADVANCED:INTERNAL=1
//ADVANCED property for variable: CMAKE_NM
CMAKE_NM-ADVANCED:INTERNAL=1
//number of local generators
CMAKE_NUMBER_OF_MAKEFILES:INTERNAL=192
//ADVANCED property for variable: CMAKE_OBJCOPY
CMAKE_OBJCOPY-ADVANCED:INTERNAL=1
//ADVANCED property for variable: CMAKE_OBJDUMP
CMAKE_OBJDUMP-ADVANCED:INTERNAL=1
//Platform information initialized
CMAKE_PLATFORM_INFO_INITIALIZED:INTERNAL=1
//ADVANCED property for variable: CMAKE_RANLIB
CMAKE_RANLIB-ADVANCED:INTERNAL=1
//ADVANCED property for variable: CMAKE_READELF
CMAKE_READELF-ADVANCED:INTERNAL=1
//Path to CMake installation.
CMAKE_ROOT:INTERNAL=/mnt/aux-data/teague/Dev/spack/opt/spack/linux-pop22-zen3/gcc-11.4.0/cmake-3.31.5-cyfuecd73avdygws2qdqfaubfcll7fpz/share/cmake-3.31
//ADVANCED property for variable: CMAKE_SHARED_LINKER_FLAGS
CMAKE_SHARED_LINKER_FLAGS-ADVANCED:INTERNAL=1
//ADVANCED property for variable: CMAKE_SHARED_LINKER_FLAGS_DEBUG
CMAKE_SHARED_LINKER_FLAGS_DEBUG-ADVANCED:INTERNAL=1
//ADVANCED property for variable: CMAKE_SHARED_LINKER_FLAGS_MINSIZEREL
CMAKE_SHARED_LINKER_FLAGS_MINSIZEREL-ADVANCED:INTERNAL=1
//ADVANCED property for variable: CMAKE_SHARED_LINKER_FLAGS_RELEASE
CMAKE_SHARED_LINKER_FLAGS_RELEASE-ADVANCED:INTERNAL=1
//ADVANCED property for variable: CMAKE_SHARED_LINKER_FLAGS_RELWITHDEBINFO
CMAKE_SHARED_LINKER_FLAGS_RELWITHDEBINFO-ADVANCED:INTERNAL=1
//ADVANCED property for variable: CMAKE_SKIP_INSTALL_RPATH
CMAKE_SKIP_INSTALL_RPATH-ADVANCED:INTERNAL=1
//ADVANCED property for variable: CMAKE_SKIP_RPATH
CMAKE_SKIP_RPATH-ADVANCED:INTERNAL=1
//ADVANCED property for variable: CMAKE_STATIC_LINKER_FLAGS
CMAKE_STATIC_LINKER_FLAGS-ADVANCED:INTERNAL=1
//ADVANCED property for variable: CMAKE_STATIC_LINKER_FLAGS_DEBUG
CMAKE_STATIC_LINKER_FLAGS_DEBUG-ADVANCED:INTERNAL=1
//ADVANCED property for variable: CMAKE_STATIC_LINKER_FLAGS_MINSIZEREL
CMAKE_STATIC_LINKER_FLAGS_MINSIZEREL-ADVANCED:INTERNAL=1
//ADVANCED property for variable: CMAKE_STATIC_LINKER_FLAGS_RELEASE
CMAKE_STATIC_LINKER_FLAGS_RELEASE-ADVANCED:INTERNAL=1
//ADVANCED property for variable: CMAKE_STATIC_LINKER_FLAGS_RELWITHDEBINFO
CMAKE_STATIC_LINKER_FLAGS_RELWITHDEBINFO-ADVANCED:INTERNAL=1
//ADVANCED property for variable: CMAKE_STRIP
CMAKE_STRIP-ADVANCED:INTERNAL=1
//ADVANCED property for variable: CMAKE_TAPI
CMAKE_TAPI-ADVANCED:INTERNAL=1
//ADVANCED property for variable: CMAKE_TOOLCHAIN_FILE
CMAKE_TOOLCHAIN_FILE-ADVANCED:INTERNAL=1
//uname command
CMAKE_UNAME:INTERNAL=/usr/bin/uname
//ADVANCED property for variable: CMAKE_VERBOSE_MAKEFILE
CMAKE_VERBOSE_MAKEFILE-ADVANCED:INTERNAL=1
//ADVANCED property for variable: COVERAGE_COMMAND
COVERAGE_COMMAND-ADVANCED:INTERNAL=1
//ADVANCED property for variable: COVERAGE_EXTRA_FLAGS
COVERAGE_EXTRA_FLAGS-ADVANCED:INTERNAL=1
//ADVANCED property for variable: CTEST_SUBMIT_RETRY_COUNT
CTEST_SUBMIT_RETRY_COUNT-ADVANCED:INTERNAL=1
//ADVANCED property for variable: CTEST_SUBMIT_RETRY_DELAY
CTEST_SUBMIT_RETRY_DELAY-ADVANCED:INTERNAL=1
//ADVANCED property for variable: DART_TESTING_TIMEOUT
DART_TESTING_TIMEOUT-ADVANCED:INTERNAL=1
//Details about finding Git
FIND_PACKAGE_MESSAGE_DETAILS_Git:INTERNAL=[/usr/bin/git][v2.34.1()]
//Details about finding OpenSSL
FIND_PACKAGE_MESSAGE_DETAILS_OpenSSL:INTERNAL=[/mnt/aux-data/teague/Projects/duck_hunt/build/release/vcpkg_installed/x64-linux/lib/libcrypto.a][/mnt/aux-data/teague/Projects/duck_hunt/build/release/vcpkg_installed/x64-linux/include][c ][v3.5.1()]
//Details about finding Python3
FIND_PACKAGE_MESSAGE_DETAILS_Python3:INTERNAL=[/mnt/aux-data/teague/Dev/spack/var/spack/environments/duckdb/.spack-env/view/bin/python3.13][cfound components: Interpreter ][v3.13.1()]
//Details about finding Threads
FIND_PACKAGE_MESSAGE_DETAILS_Threads:INTERNAL=[TRUE][v()]
//ADVANCED property for variable: GIT_EXECUTABLE
GIT_EXECUTABLE-ADVANCED:INTERNAL=1
//ADVANCED property for variable: MAKECOMMAND
MAKECOMMAND-ADVANCED:INTERNAL=1
//ADVANCED property for variable: MEMORYCHECK_COMMAND
MEMORYCHECK_COMMAND-ADVANCED:INTERNAL=1
//ADVANCED property for variable: MEMORYCHECK_SUPPRESSIONS_FILE
MEMORYCHECK_SUPPRESSIONS_FILE-ADVANCED:INTERNAL=1
//ADVANCED property for variable: OPENSSL_CRYPTO_LIBRARY
OPENSSL_CRYPTO_LIBRARY-ADVANCED:INTERNAL=1
//ADVANCED property for variable: OPENSSL_INCLUDE_DIR
OPENSSL_INCLUDE_DIR-ADVANCED:INTERNAL=1
//ADVANCED property for variable: OPENSSL_SSL_LIBRARY
OPENSSL_SSL_LIBRARY-ADVANCED:INTERNAL=1
//ADVANCED property for variable: PKG_CONFIG_ARGN
PKG_CONFIG_ARGN-ADVANCED:INTERNAL=1
//ADVANCED property for variable: PKG_CONFIG_EXECUTABLE
PKG_CONFIG_EXECUTABLE-ADVANCED:INTERNAL=1
//ADVANCED property for variable: SITE
SITE-ADVANCED:INTERNAL=1
//ADVANCED property for variable: VCPKG_VERBOSE
VCPKG_VERBOSE-ADVANCED:INTERNAL=1
//Making sure VCPKG_MANIFEST_MODE doesn't change
Z_VCPKG_CHECK_MANIFEST_MODE:INTERNAL=ON
//Vcpkg root directory
Z_VCPKG_ROOT_DIR:INTERNAL=/home/teague/Dev/vcpkg
//linker supports push/pop state
_CMAKE_CXX_LINKER_PUSHPOP_STATE_SUPPORTED:INTERNAL=TRUE
//linker supports push/pop state
_CMAKE_C_LINKER_PUSHPOP_STATE_SUPPORTED:INTERNAL=TRUE
//linker supports push/pop state
_CMAKE_LINKER_PUSHPOP_STATE_SUPPORTED:INTERNAL=TRUE
//CMAKE_INSTALL_PREFIX during last run
_GNUInstallDirs_LAST_CMAKE_INSTALL_PREFIX:INTERNAL=/usr/local
_OPENSSL_CFLAGS:INTERNAL=-I/mnt/aux-data/teague/Dev/spack/opt/spack/linux-pop22-zen3/gcc-11.4.0/openssl-3.4.0-nc56uhasuoikwrai67zdyliy3bmeqlkn/include
_OPENSSL_CFLAGS_I:INTERNAL=
_OPENSSL_CFLAGS_OTHER:INTERNAL=
_OPENSSL_FOUND:INTERNAL=1
_OPENSSL_INCLUDEDIR:INTERNAL=/mnt/aux-data/teague/Dev/spack/opt/spack/linux-pop22-zen3/gcc-11.4.0/openssl-3.4.0-nc56uhasuoikwrai67zdyliy3bmeqlkn/include
_OPENSSL_INCLUDE_DIRS:INTERNAL=/mnt/aux-data/teague/Dev/spack/opt/spack/linux-pop22-zen3/gcc-11.4.0/openssl-3.4.0-nc56uhasuoikwrai67zdyliy3bmeqlkn/include
_OPENSSL_LDFLAGS:INTERNAL=-L/mnt/aux-data/teague/Dev/spack/opt/spack/linux-pop22-zen3/gcc-11.4.0/openssl-3.4.0-nc56uhasuoikwrai67zdyliy3bmeqlkn/lib64;-lssl;-lcrypto
_OPENSSL_LDFLAGS_OTHER:INTERNAL=
_OPENSSL_LIBDIR:INTERNAL=/mnt/aux-data/teague/Dev/spack/opt/spack/linux-pop22-zen3/gcc-11.4.0/openssl-3.4.0-nc56uhasuoikwrai67zdyliy3bmeqlkn/lib64
_OPENSSL_LIBRARIES:INTERNAL=ssl;crypto
_OPENSSL_LIBRARY_DIRS:INTERNAL=/mnt/aux-data/teague/Dev/spack/opt/spack/linux-pop22-zen3/gcc-11.4.0/openssl-3.4.0-nc56uhasuoikwrai67zdyliy3bmeqlkn/lib64
_OPENSSL_LIBS:INTERNAL=
_OPENSSL_LIBS_L:INTERNAL=
_OPENSSL_LIBS_OTHER:INTERNAL=
_OPENSSL_LIBS_PATHS:INTERNAL=
_OPENSSL_MODULE_NAME:INTERNAL=openssl
_OPENSSL_PREFIX:INTERNAL=/mnt/aux-data/teague/Dev/spack/opt/spack/linux-pop22-zen3/gcc-11.4.0/openssl-3.4.0-nc56uhasuoikwrai67zdyliy3bmeqlkn
_OPENSSL_STATIC_CFLAGS:INTERNAL=-I/mnt/aux-data/teague/Dev/spack/opt/spack/linux-pop22-zen3/gcc-11.4.0/openssl-3.4.0-nc56uhasuoikwrai67zdyliy3bmeqlkn/include
_OPENSSL_STATIC_CFLAGS_I:INTERNAL=
_OPENSSL_STATIC_CFLAGS_OTHER:INTERNAL=
_OPENSSL_STATIC_INCLUDE_DIRS:INTERNAL=/mnt/aux-data/teague/Dev/spack/opt/spack/linux-pop22-zen3/gcc-11.4.0/openssl-3.4.0-nc56uhasuoikwrai67zdyliy3bmeqlkn/include
_OPENSSL_STATIC_LDFLAGS:INTERNAL=-L/mnt/aux-data/teague/Dev/spack/opt/spack/linux-pop22-zen3/gcc-11.4.0/openssl-3.4.0-nc56uhasuoikwrai67zdyliy3bmeqlkn/lib64;-lssl;-L/mnt/aux-data/teague/Dev/spack/opt/spack/linux-pop22-zen3/gcc-11.4.0/openssl-3.4.0-nc56uhasuoikwrai67zdyliy3bmeqlkn/lib64;-lz;-ldl;-pthread;-lcrypto;-lz;-ldl;-pthread
_OPENSSL_STATIC_LDFLAGS_OTHER:INTERNAL=-pthread;-pthread
_OPENSSL_STATIC_LIBDIR:INTERNAL=
_OPENSSL_STATIC_LIBRARIES:INTERNAL=ssl;z;dl;crypto;z;dl
_OPENSSL_STATIC_LIBRARY_DIRS:INTERNAL=/mnt/aux-data/teague/Dev/spack/opt/spack/linux-pop22-zen3/gcc-11.4.0/openssl-3.4.0-nc56uhasuoikwrai67zdyliy3bmeqlkn/lib64;/mnt/aux-data/teague/Dev/spack/opt/spack/linux-pop22-zen3/gcc-11.4.0/openssl-3.4.0-nc56uhasuoikwrai67zdyliy3bmeqlkn/lib64
_OPENSSL_STATIC_LIBS:INTERNAL=
_OPENSSL_STATIC_LIBS_L:INTERNAL=
_OPENSSL_STATIC_LIBS_OTHER:INTERNAL=
_OPENSSL_STATIC_LIBS_PATHS:INTERNAL=
_OPENSSL_VERSION:INTERNAL=3.4.0
_OPENSSL_openssl_INCLUDEDIR:INTERNAL=
_OPENSSL_openssl_LIBDIR:INTERNAL=
_OPENSSL_openssl_PREFIX:INTERNAL=
_OPENSSL_openssl_VERSION:INTERNAL=
//Compiler reason failure
_Python3_Compiler_REASON_FAILURE:INTERNAL=
//Development reason failure
_Python3_Development_REASON_FAILURE:INTERNAL=
//Path to a program.
_Python3_EXECUTABLE:INTERNAL=/mnt/aux-data/teague/Dev/spack/var/spack/environments/duckdb/.spack-env/view/bin/python3.13
//Python3 Properties
_Python3_INTERPRETER_PROPERTIES:INTERNAL=Python;3;13;1;64;<none>;cpython-313-x86_64-linux-gnu.so;abi3;/mnt/aux-data/teague/Dev/spack/opt/spack/linux-pop22-zen3/gcc-11.4.0/python-3.13.1-7gwdsuxvmveyfyjfh6tkpaaqhwm3zu3l/lib/python3.13;/mnt/aux-data/teague/Dev/spack/var/spack/environments/duckdb/.spack-env/view/lib/python3.13;/mnt/aux-data/teague/Dev/spack/var/spack/environments/duckdb/.spack-env/view/lib/python3.13/site-packages;/mnt/aux-data/teague/Dev/spack/var/spack/environments/duckdb/.spack-env/view/lib/python3.13/site-packages
_Python3_INTERPRETER_SIGNATURE:INTERNAL=f26812e3a081bbc6e5fe7d629696794c
//Interpreter reason failure
_Python3_Interpreter_REASON_FAILURE:INTERNAL=
//NumPy reason failure
_Python3_NumPy_REASON_FAILURE:INTERNAL=
__pkg_config_arguments__OPENSSL:INTERNAL=QUIET;openssl
__pkg_config_checked__OPENSSL:INTERNAL=1
//ADVANCED property for variable: pkgcfg_lib__OPENSSL_crypto
pkgcfg_lib__OPENSSL_crypto-ADVANCED:INTERNAL=1
//ADVANCED property for variable: pkgcfg_lib__OPENSSL_ssl
pkgcfg_lib__OPENSSL_ssl-ADVANCED:INTERNAL=1
prefix_result:INTERNAL=/mnt/aux-data/teague/Dev/spack/opt/spack/linux-pop22-zen3/gcc-11.4.0/openssl-3.4.0-nc56uhasuoikwrai67zdyliy3bmeqlkn/lib64

