TN:
SF:src/main.cpp
FN:10,main
FN:45,initialize
FN:78,process_data
FNDA:1,main
FNDA:1,initialize
FNDA:5,process_data
FNF:3
FNH:3
DA:10,1
DA:11,1
DA:12,1
DA:15,1
DA:20,0
DA:25,1
DA:30,1
DA:45,1
DA:46,1
DA:50,1
DA:55,0
DA:60,0
DA:78,5
DA:79,5
DA:80,5
DA:85,3
DA:90,2
LF:17
LH:14
BRDA:15,0,0,1
BRDA:15,0,1,0
BRDA:50,0,0,1
BRDA:50,0,1,1
BRDA:85,0,0,3
BRDA:85,0,1,2
BRF:6
BRH:5
end_of_record
SF:src/utils.cpp
FN:5,validate_input
FN:25,format_output
FN:50,parse_config
FNDA:10,validate_input
FNDA:8,format_output
FNDA:2,parse_config
FNF:3
FNH:3
DA:5,10
DA:6,10
DA:10,10
DA:15,8
DA:20,2
DA:25,8
DA:26,8
DA:30,8
DA:35,0
DA:50,2
DA:51,2
DA:55,2
DA:60,1
DA:65,1
DA:70,0
LF:15
LH:13
BRDA:10,0,0,8
BRDA:10,0,1,2
BRDA:30,0,0,6
BRDA:30,0,1,2
BRDA:55,0,0,1
BRDA:55,0,1,1
BRF:6
BRH:6
end_of_record
SF:src/parser.cpp
FN:10,parse_line
FN:50,parse_document
FNDA:100,parse_line
FNDA:5,parse_document
FNF:2
FNH:2
DA:10,100
DA:11,100
DA:15,100
DA:20,85
DA:25,15
DA:30,100
DA:50,5
DA:51,5
DA:55,5
DA:60,0
LF:10
LH:9
BRF:4
BRH:3
end_of_record
