./build/release/"/test/unittest" "/path/to/extension/test/*"
Filters: /path/to/extension/test/*
[0/3] (0%): /path/to/extension/test/sql/test_success.test
[1/3] (33%): /path/to/extension/test/sql/test_failure.test  ================================================================================
Wrong result in query! (/path/to/extension/test/sql/test_failure.test:12)!
================================================================================
SELECT COUNT(*) FROM read_test_results('sample.json', 'pytest_json');
================================================================================
Mismatch on row 1, column count_star()(index 1)
4 <> 999
================================================================================
Expected result:
================================================================================
999
================================================================================
Actual result:
================================================================================
4

~~~~~~~~~~~~~~~~~~~~~~~~~~~~~~~~~~~~~~~~~~~~~~~~~~~~~~~~~~~~~~~~~~~~~~~~~~~~~~~
unittest is a Catch v2.13.7 host application.
Run with -? for options

-------------------------------------------------------------------------------
/path/to/extension/test/sql/test_failure.test
-------------------------------------------------------------------------------
/path/to/extension/duckdb/test/sqlite/test_sqllogictest.cpp:224
...............................................................................

/path/to/extension/test/sql/test_failure.test:12: FAILED:
explicitly with message:
  0

[2/3] (66%): /path/to/extension/test/sql/test_another.test   
[3/3] (100%): /path/to/extension/test/sql/test_another.test   
===============================================================================
test cases: 3 | 2 passed | 1 failed
assertions: 8 | 7 passed | 1 failed

make: *** [extension-ci-tools/makefiles/duckdb_extension.Makefile:192: test_release_internal] Error 1