npm WARN deprecated left-pad@1.3.0: use String.prototype.padStart()
npm WARN deprecated request@2.88.2: request has been deprecated, see https://github.com/request/request/issues/3142

> myproject@1.0.0 build
> webpack --mode production

[webpack-cli] Compilation starting...
[webpack-cli] Compilation finished
asset main.js 87.3 KiB [emitted] [minimized] (name: main) 1 related asset
asset index.html 257 bytes [emitted]
runtime modules 1010 bytes 5 modules
cacheable modules 544 KiB
  ./src/index.js 2.37 KiB [built] [code generated]
  ./src/utils.js 1.23 KiB [built] [code generated]
  ./node_modules/lodash/index.js 540 KiB [built] [code generated]
webpack 5.74.0 compiled successfully in 2847 ms

> myproject@1.0.0 test
> jest

 PASS  src/utils.test.js
 FAIL  src/index.test.js
  ‚óè Test suite failed to run

    TypeError: Cannot read property 'version' of undefined

      at Object.<anonymous> (src/index.test.js:5:23)

 FAIL  src/components/Button.test.js
  ‚óè Button component ‚Ä∫ should render correctly

    expect(received).toMatchSnapshot()
    
    - Snapshot  - 0
    + Received + 1
    
    @@ -1,3 +1,4 @@
      <button
        className="btn"
    +   disabled="true"
      >

      3 |   it('should render correctly', () => {
      4 |     const wrapper = shallow(<Button />);
    > 5 |     expect(wrapper).toMatchSnapshot();
      6 |   });
      7 | 
      8 |   it('should handle click events', () => {

    at Object.<anonymous> (src/components/Button.test.js:5:29)

  ‚óè Button component ‚Ä∫ should handle click events

    ReferenceError: clickHandler is not defined

      at Object.<anonymous> (src/components/Button.test.js:12:25)

 FAIL  src/api/client.test.js
  ‚óè API Client ‚Ä∫ should fetch user data

    Error: Network request failed
    
        at /home/user/myproject/src/api/client.js:15:13
        at processTicksAndRejections (internal/process/task_queues.js:95:5)

Test Suites: 1 passed, 3 failed, 4 total
Tests:       2 passed, 4 failed, 6 total
Snapshots:   1 failed, 1 total
Time:        3.847 s
Ran all test suites.

npm ERR! code ELIFECYCLE
npm ERR! errno 1
npm ERR! myproject@1.0.0 test: `jest`
npm ERR! Exit status 1
npm ERR! 
npm ERR! Failed at the myproject@1.0.0 test script.
npm ERR! This is probably not a problem with npm. There is likely additional logging output above.

npm ERR! A complete log of this run can be found in:
npm ERR! /home/user/.npm/_logs/2023-10-15T14_30_42_123Z-debug.log

> myproject@1.0.0 lint
> eslint src/

/home/user/myproject/src/index.js
  15:5   error    'console' is not defined                    no-undef
  22:12  warning  'debugMode' is assigned a value but never used  no-unused-vars
  35:1   error    Missing semicolon                           semi

/home/user/myproject/src/utils.js
  8:10   error    'require' is not defined                    no-undef
  12:5   warning  Unexpected console statement                no-console
  18:23  error    Missing trailing comma                      comma-dangle

/home/user/myproject/src/components/Button.js
  5:15   error    'PropTypes' is not defined                  no-undef
  10:8   warning  'defaultProps' is deprecated               react/no-deprecated
  15:12  error    'onClick' is missing in props validation   react/prop-types

‚úñ 8 problems (6 errors, 2 warnings)
  2 errors and 0 warnings potentially fixable with --fix

npm install --production
npm WARN deprecated mkdirp@0.5.1: Legacy versions of mkdirp are no longer supported. Please update to mkdirp 1.x. (Note that the API surface has changed to use Promises in 1.x.)
npm WARN rm not removing /home/user/myproject/node_modules/.bin/webpack as it wasn't installed by /home/user/myproject/node_modules/webpack
npm ERR! code ERESOLVE
npm ERR! ERESOLVE unable to resolve dependency tree
npm ERR! 
npm ERR! While resolving: myproject@1.0.0
npm ERR! Found: react@16.14.0
npm ERR! node_modules/react
npm ERR!   react@"^16.14.0" from the root project
npm ERR! 
npm ERR! Could not resolve dependency:
npm ERR! peer react@"^17.0.0" from react-router-dom@6.2.1
npm ERR! node_modules/react-router-dom
npm ERR!   react-router-dom@"^6.2.1" from the root project
npm ERR! 
npm ERR! Fix the above by changing the conflicting dependency to a compatible version.
npm ERR! 
npm ERR! See npm doctor for more information.

yarn install
yarn install v1.22.19
[1/4] üîç  Resolving packages...
[2/4] üöö  Fetching packages...
error @babel/core@7.19.0: The engine "node" is incompatible with this module. Expected version ">=6.9.0". Got "6.8.1"
error Found incompatible module.
info Visit https://yarnpkg.com/en/docs/cli/install for documentation about this command.

yarn build
yarn run v1.22.19
$ webpack --mode production
Hash: abc123def456
Version: webpack 5.74.0
Time: 2847ms
Built at: 10/15/2023 2:30:42 PM
    Asset      Size  Chunks                         Chunk Names
 main.js  87.3 KiB       0  [emitted] [minimized]  main
index.html   257 bytes          [emitted]          

WARNING in ./src/index.js 22:12-21
Critical dependency: the request of a dependency is an expression

WARNING in ./src/utils.js
Module not found: Error: Can't resolve './config' in '/home/user/myproject/src'
 @ ./src/utils.js 3:14-32
 @ ./src/index.js

ERROR in ./src/components/Header.js
Module not found: Error: Can't resolve 'react-helmet' in '/home/user/myproject/src/components'
 @ ./src/components/Header.js 2:0-34
 @ ./src/App.js 4:0-38
 @ ./src/index.js 6:0-24

ERROR in ./src/api/endpoints.js 12:8
Syntax error: Unexpected token (12:8)

  10 | const API_BASE = process.env.REACT_APP_API_BASE;
  11 | 
> 12 | export { API_BASE, endpoints };
     |        ^
  13 | 

Child HtmlWebpackPlugin:
     1 asset
     Entrypoint undefined = index.html
     [0] ./node_modules/html-webpack-plugin/lib/loader.js!./public/index.html 538 bytes {0} [built]

npm run start
> myproject@1.0.0 start
> react-scripts start

(node:12345) [DEP0040] DeprecationWarning: The `punycode` module is deprecated. Please use a userland alternative instead.
Starting the development server...

Failed to compile.

./src/App.js
  Line 15:8:  Parsing error: Unexpected token =>

  13 |   const handleSubmit = (data) => {
  14 |     // Process form data
> 15 |     => setSubmitting(false);
     |        ^
  16 |   };
  17 | 
  18 |   return (

./src/components/UserProfile.js
  Line 8:12:  'userProfile' is not defined  no-undef
  Line 12:5:  'console' is not defined      no-undef
  Line 25:10: 'localStorage' is not defined no-undef

webpack compiled with 3 errors